c:\users\pete\source\repos\pmcpario\pmcpario\debug\vc142.pdb
c:\users\pete\source\repos\pmcpario\pmcpario\debug\control.obj
c:\users\pete\source\repos\pmcpario\pmcpario\debug\isrdpc.obj
c:\users\pete\source\repos\pmcpario\pmcpario\debug\init.obj
c:\users\pete\source\repos\pmcpario\pmcpario\debug\device.obj
c:\users\pete\source\repos\pmcpario\pmcpario\debug\routines.obj
c:\users\pete\source\repos\pmcpario\debug\pmcpario\pmcpario.cat
c:\users\pete\source\repos\pmcpario\debug\pmcpario.sys
c:\users\pete\source\repos\pmcpario\debug\pmcpario.pdb
c:\users\pete\source\repos\pmcpario\pmcpario\debug\pmcpario.inf
c:\users\pete\source\repos\pmcpario\pmcpario\debug\device.tmh
c:\users\pete\source\repos\pmcpario\pmcpario\debug\isrdpc.tmh
c:\users\pete\source\repos\pmcpario\debug\pmcpario.cer
c:\users\pete\source\repos\pmcpario\debug\pmcpario.inf
c:\users\pete\source\repos\pmcpario\pmcpario\debug\pmcpario.tlog\cl.command.1.tlog
c:\users\pete\source\repos\pmcpario\pmcpario\debug\pmcpario.tlog\cl.read.1.tlog
c:\users\pete\source\repos\pmcpario\pmcpario\debug\pmcpario.tlog\cl.write.1.tlog
c:\users\pete\source\repos\pmcpario\pmcpario\debug\pmcpario.tlog\inf2cat-expand.10968.read.1.tlog
c:\users\pete\source\repos\pmcpario\pmcpario\debug\pmcpario.tlog\inf2cat-expand.10968.write.1.tlog
c:\users\pete\source\repos\pmcpario\pmcpario\debug\pmcpario.tlog\inf2cat-expand.11104.read.1.tlog
c:\users\pete\source\repos\pmcpario\pmcpario\debug\pmcpario.tlog\inf2cat-expand.11104.write.1.tlog
c:\users\pete\source\repos\pmcpario\pmcpario\debug\pmcpario.tlog\inf2cat-expand.15320.read.1.tlog
c:\users\pete\source\repos\pmcpario\pmcpario\debug\pmcpario.tlog\inf2cat-expand.15320.write.1.tlog
c:\users\pete\source\repos\pmcpario\pmcpario\debug\pmcpario.tlog\inf2cat-expand.17520.read.1.tlog
c:\users\pete\source\repos\pmcpario\pmcpario\debug\pmcpario.tlog\inf2cat-expand.17520.write.1.tlog
c:\users\pete\source\repos\pmcpario\pmcpario\debug\pmcpario.tlog\inf2cat-expand.17548.read.1.tlog
c:\users\pete\source\repos\pmcpario\pmcpario\debug\pmcpario.tlog\inf2cat-expand.17548.write.1.tlog
c:\users\pete\source\repos\pmcpario\pmcpario\debug\pmcpario.tlog\inf2cat-expand.17872.read.1.tlog
c:\users\pete\source\repos\pmcpario\pmcpario\debug\pmcpario.tlog\inf2cat-expand.17872.write.1.tlog
c:\users\pete\source\repos\pmcpario\pmcpario\debug\pmcpario.tlog\inf2cat-expand.18336.read.1.tlog
c:\users\pete\source\repos\pmcpario\pmcpario\debug\pmcpario.tlog\inf2cat-expand.18336.write.1.tlog
c:\users\pete\source\repos\pmcpario\pmcpario\debug\pmcpario.tlog\inf2cat-expand.18892.read.1.tlog
c:\users\pete\source\repos\pmcpario\pmcpario\debug\pmcpario.tlog\inf2cat-expand.18892.write.1.tlog
c:\users\pete\source\repos\pmcpario\pmcpario\debug\pmcpario.tlog\inf2cat-expand.19116.read.1.tlog
c:\users\pete\source\repos\pmcpario\pmcpario\debug\pmcpario.tlog\inf2cat-expand.19116.write.1.tlog
c:\users\pete\source\repos\pmcpario\pmcpario\debug\pmcpario.tlog\inf2cat-expand.19244.read.1.tlog
c:\users\pete\source\repos\pmcpario\pmcpario\debug\pmcpario.tlog\inf2cat-expand.19244.write.1.tlog
c:\users\pete\source\repos\pmcpario\pmcpario\debug\pmcpario.tlog\inf2cat-expand.19300.read.1.tlog
c:\users\pete\source\repos\pmcpario\pmcpario\debug\pmcpario.tlog\inf2cat-expand.19300.write.1.tlog
c:\users\pete\source\repos\pmcpario\pmcpario\debug\pmcpario.tlog\inf2cat-expand.20368.read.1.tlog
c:\users\pete\source\repos\pmcpario\pmcpario\debug\pmcpario.tlog\inf2cat-expand.20368.write.1.tlog
c:\users\pete\source\repos\pmcpario\pmcpario\debug\pmcpario.tlog\inf2cat-expand.20436.read.1.tlog
c:\users\pete\source\repos\pmcpario\pmcpario\debug\pmcpario.tlog\inf2cat-expand.20436.write.1.tlog
c:\users\pete\source\repos\pmcpario\pmcpario\debug\pmcpario.tlog\inf2cat-expand.21028.read.1.tlog
c:\users\pete\source\repos\pmcpario\pmcpario\debug\pmcpario.tlog\inf2cat-expand.21028.write.1.tlog
c:\users\pete\source\repos\pmcpario\pmcpario\debug\pmcpario.tlog\inf2cat-expand.2396.read.1.tlog
c:\users\pete\source\repos\pmcpario\pmcpario\debug\pmcpario.tlog\inf2cat-expand.2396.write.1.tlog
c:\users\pete\source\repos\pmcpario\pmcpario\debug\pmcpario.tlog\inf2cat-expand.24976.read.1.tlog
c:\users\pete\source\repos\pmcpario\pmcpario\debug\pmcpario.tlog\inf2cat-expand.24976.write.1.tlog
c:\users\pete\source\repos\pmcpario\pmcpario\debug\pmcpario.tlog\inf2cat-expand.25132.read.1.tlog
c:\users\pete\source\repos\pmcpario\pmcpario\debug\pmcpario.tlog\inf2cat-expand.25132.write.1.tlog
c:\users\pete\source\repos\pmcpario\pmcpario\debug\pmcpario.tlog\inf2cat-expand.25284.read.1.tlog
c:\users\pete\source\repos\pmcpario\pmcpario\debug\pmcpario.tlog\inf2cat-expand.25284.write.1.tlog
c:\users\pete\source\repos\pmcpario\pmcpario\debug\pmcpario.tlog\inf2cat-expand.26192.read.1.tlog
c:\users\pete\source\repos\pmcpario\pmcpario\debug\pmcpario.tlog\inf2cat-expand.26192.write.1.tlog
c:\users\pete\source\repos\pmcpario\pmcpario\debug\pmcpario.tlog\inf2cat-expand.2732.read.1.tlog
c:\users\pete\source\repos\pmcpario\pmcpario\debug\pmcpario.tlog\inf2cat-expand.2732.write.1.tlog
c:\users\pete\source\repos\pmcpario\pmcpario\debug\pmcpario.tlog\inf2cat-expand.3836.read.1.tlog
c:\users\pete\source\repos\pmcpario\pmcpario\debug\pmcpario.tlog\inf2cat-expand.3836.write.1.tlog
c:\users\pete\source\repos\pmcpario\pmcpario\debug\pmcpario.tlog\inf2cat-expand.read.1.tlog
c:\users\pete\source\repos\pmcpario\pmcpario\debug\pmcpario.tlog\inf2cat-expand.write.1.tlog
c:\users\pete\source\repos\pmcpario\pmcpario\debug\pmcpario.tlog\inf2cat.command.1.tlog
c:\users\pete\source\repos\pmcpario\pmcpario\debug\pmcpario.tlog\inf2cat.read.1.tlog
c:\users\pete\source\repos\pmcpario\pmcpario\debug\pmcpario.tlog\inf2cat.write.1.tlog
c:\users\pete\source\repos\pmcpario\pmcpario\debug\pmcpario.tlog\link.command.1.tlog
c:\users\pete\source\repos\pmcpario\pmcpario\debug\pmcpario.tlog\link.read.1.tlog
c:\users\pete\source\repos\pmcpario\pmcpario\debug\pmcpario.tlog\link.write.1.tlog
c:\users\pete\source\repos\pmcpario\pmcpario\debug\pmcpario.tlog\signtool.command.1.tlog
c:\users\pete\source\repos\pmcpario\pmcpario\debug\pmcpario.tlog\signtool.read.1.tlog
c:\users\pete\source\repos\pmcpario\pmcpario\debug\pmcpario.tlog\signtool.timestamp.1.tlog
c:\users\pete\source\repos\pmcpario\pmcpario\debug\pmcpario.tlog\signtool.write.1.tlog
c:\users\pete\source\repos\pmcpario\pmcpario\debug\pmcpario.tlog\stampinf.command.1.tlog
c:\users\pete\source\repos\pmcpario\pmcpario\debug\pmcpario.tlog\stampinf.read.1.tlog
c:\users\pete\source\repos\pmcpario\pmcpario\debug\pmcpario.tlog\stampinf.write.1.tlog
c:\users\pete\source\repos\pmcpario\pmcpario\debug\pmcpario.tlog\tracewpp.command.1.tlog
c:\users\pete\source\repos\pmcpario\pmcpario\debug\pmcpario.tlog\tracewpp.read.1.tlog
c:\users\pete\source\repos\pmcpario\pmcpario\debug\pmcpario.tlog\tracewpp.write.1.tlog
